[2025-07-17T18:29:16.831+0000] {processor.py:161} INFO - Started process (PID=185) to work on /opt/airflow/dags/flight_model_dag.py
[2025-07-17T18:29:16.832+0000] {processor.py:830} INFO - Processing file /opt/airflow/dags/flight_model_dag.py for tasks to queue
[2025-07-17T18:29:16.834+0000] {logging_mixin.py:188} INFO - [2025-07-17T18:29:16.834+0000] {dagbag.py:545} INFO - Filling up the DagBag from /opt/airflow/dags/flight_model_dag.py
[2025-07-17T18:29:20.173+0000] {processor.py:840} INFO - DAG(s) 'flight_model_training' retrieved from /opt/airflow/dags/flight_model_dag.py
[2025-07-17T18:29:20.207+0000] {logging_mixin.py:188} INFO - [2025-07-17T18:29:20.207+0000] {dag.py:3096} INFO - Sync 1 DAGs
[2025-07-17T18:29:20.229+0000] {logging_mixin.py:188} INFO - [2025-07-17T18:29:20.228+0000] {dag.py:3954} INFO - Setting next_dagrun for flight_model_training to 2025-07-17 00:00:00+00:00, run_after=2025-07-18 00:00:00+00:00
[2025-07-17T18:29:20.256+0000] {processor.py:183} INFO - Processing /opt/airflow/dags/flight_model_dag.py took 3.434 seconds
[2025-07-17T18:29:50.600+0000] {processor.py:161} INFO - Started process (PID=216) to work on /opt/airflow/dags/flight_model_dag.py
[2025-07-17T18:29:50.603+0000] {processor.py:830} INFO - Processing file /opt/airflow/dags/flight_model_dag.py for tasks to queue
[2025-07-17T18:29:50.613+0000] {logging_mixin.py:188} INFO - [2025-07-17T18:29:50.611+0000] {dagbag.py:545} INFO - Filling up the DagBag from /opt/airflow/dags/flight_model_dag.py
[2025-07-17T18:29:52.928+0000] {processor.py:840} INFO - DAG(s) 'flight_model_training' retrieved from /opt/airflow/dags/flight_model_dag.py
[2025-07-17T18:29:53.064+0000] {logging_mixin.py:188} INFO - [2025-07-17T18:29:53.063+0000] {dag.py:3096} INFO - Sync 1 DAGs
[2025-07-17T18:29:53.089+0000] {logging_mixin.py:188} INFO - [2025-07-17T18:29:53.089+0000] {dag.py:3954} INFO - Setting next_dagrun for flight_model_training to 2025-07-17 00:00:00+00:00, run_after=2025-07-18 00:00:00+00:00
[2025-07-17T18:29:53.114+0000] {processor.py:183} INFO - Processing /opt/airflow/dags/flight_model_dag.py took 2.548 seconds
[2025-07-17T18:30:23.469+0000] {processor.py:161} INFO - Started process (PID=234) to work on /opt/airflow/dags/flight_model_dag.py
[2025-07-17T18:30:23.471+0000] {processor.py:830} INFO - Processing file /opt/airflow/dags/flight_model_dag.py for tasks to queue
[2025-07-17T18:30:23.474+0000] {logging_mixin.py:188} INFO - [2025-07-17T18:30:23.474+0000] {dagbag.py:545} INFO - Filling up the DagBag from /opt/airflow/dags/flight_model_dag.py
[2025-07-17T18:30:25.072+0000] {processor.py:840} INFO - DAG(s) 'flight_model_training' retrieved from /opt/airflow/dags/flight_model_dag.py
[2025-07-17T18:30:25.115+0000] {logging_mixin.py:188} INFO - [2025-07-17T18:30:25.115+0000] {dag.py:3096} INFO - Sync 1 DAGs
[2025-07-17T18:30:25.140+0000] {logging_mixin.py:188} INFO - [2025-07-17T18:30:25.140+0000] {dag.py:3954} INFO - Setting next_dagrun for flight_model_training to 2025-07-17 00:00:00+00:00, run_after=2025-07-18 00:00:00+00:00
[2025-07-17T18:30:25.159+0000] {processor.py:183} INFO - Processing /opt/airflow/dags/flight_model_dag.py took 1.698 seconds
[2025-07-17T18:30:55.494+0000] {processor.py:161} INFO - Started process (PID=276) to work on /opt/airflow/dags/flight_model_dag.py
[2025-07-17T18:30:55.496+0000] {processor.py:830} INFO - Processing file /opt/airflow/dags/flight_model_dag.py for tasks to queue
[2025-07-17T18:30:55.502+0000] {logging_mixin.py:188} INFO - [2025-07-17T18:30:55.501+0000] {dagbag.py:545} INFO - Filling up the DagBag from /opt/airflow/dags/flight_model_dag.py
[2025-07-17T18:30:57.045+0000] {processor.py:840} INFO - DAG(s) 'flight_model_training' retrieved from /opt/airflow/dags/flight_model_dag.py
[2025-07-17T18:30:57.070+0000] {logging_mixin.py:188} INFO - [2025-07-17T18:30:57.069+0000] {dag.py:3096} INFO - Sync 1 DAGs
[2025-07-17T18:30:57.087+0000] {logging_mixin.py:188} INFO - [2025-07-17T18:30:57.087+0000] {dag.py:3954} INFO - Setting next_dagrun for flight_model_training to 2025-07-17 00:00:00+00:00, run_after=2025-07-18 00:00:00+00:00
[2025-07-17T18:30:57.109+0000] {processor.py:183} INFO - Processing /opt/airflow/dags/flight_model_dag.py took 1.626 seconds
[2025-07-17T18:31:27.511+0000] {processor.py:161} INFO - Started process (PID=293) to work on /opt/airflow/dags/flight_model_dag.py
[2025-07-17T18:31:27.513+0000] {processor.py:830} INFO - Processing file /opt/airflow/dags/flight_model_dag.py for tasks to queue
[2025-07-17T18:31:27.518+0000] {logging_mixin.py:188} INFO - [2025-07-17T18:31:27.517+0000] {dagbag.py:545} INFO - Filling up the DagBag from /opt/airflow/dags/flight_model_dag.py
[2025-07-17T18:31:29.414+0000] {processor.py:840} INFO - DAG(s) 'flight_model_training' retrieved from /opt/airflow/dags/flight_model_dag.py
[2025-07-17T18:31:29.461+0000] {logging_mixin.py:188} INFO - [2025-07-17T18:31:29.460+0000] {dag.py:3096} INFO - Sync 1 DAGs
[2025-07-17T18:31:29.500+0000] {logging_mixin.py:188} INFO - [2025-07-17T18:31:29.500+0000] {dag.py:3954} INFO - Setting next_dagrun for flight_model_training to 2025-07-17 00:00:00+00:00, run_after=2025-07-18 00:00:00+00:00
[2025-07-17T18:31:29.545+0000] {processor.py:183} INFO - Processing /opt/airflow/dags/flight_model_dag.py took 2.047 seconds
[2025-07-17T18:31:59.883+0000] {processor.py:161} INFO - Started process (PID=310) to work on /opt/airflow/dags/flight_model_dag.py
[2025-07-17T18:31:59.885+0000] {processor.py:830} INFO - Processing file /opt/airflow/dags/flight_model_dag.py for tasks to queue
[2025-07-17T18:31:59.889+0000] {logging_mixin.py:188} INFO - [2025-07-17T18:31:59.888+0000] {dagbag.py:545} INFO - Filling up the DagBag from /opt/airflow/dags/flight_model_dag.py
[2025-07-17T18:32:01.843+0000] {processor.py:840} INFO - DAG(s) 'flight_model_training' retrieved from /opt/airflow/dags/flight_model_dag.py
[2025-07-17T18:32:01.894+0000] {logging_mixin.py:188} INFO - [2025-07-17T18:32:01.894+0000] {dag.py:3096} INFO - Sync 1 DAGs
[2025-07-17T18:32:01.934+0000] {logging_mixin.py:188} INFO - [2025-07-17T18:32:01.933+0000] {dag.py:3954} INFO - Setting next_dagrun for flight_model_training to 2025-07-17 00:00:00+00:00, run_after=2025-07-18 00:00:00+00:00
[2025-07-17T18:32:01.984+0000] {processor.py:183} INFO - Processing /opt/airflow/dags/flight_model_dag.py took 2.108 seconds
[2025-07-17T18:32:32.394+0000] {processor.py:161} INFO - Started process (PID=327) to work on /opt/airflow/dags/flight_model_dag.py
[2025-07-17T18:32:32.396+0000] {processor.py:830} INFO - Processing file /opt/airflow/dags/flight_model_dag.py for tasks to queue
[2025-07-17T18:32:32.399+0000] {logging_mixin.py:188} INFO - [2025-07-17T18:32:32.398+0000] {dagbag.py:545} INFO - Filling up the DagBag from /opt/airflow/dags/flight_model_dag.py
[2025-07-17T18:32:33.835+0000] {processor.py:840} INFO - DAG(s) 'flight_model_training' retrieved from /opt/airflow/dags/flight_model_dag.py
[2025-07-17T18:32:33.863+0000] {logging_mixin.py:188} INFO - [2025-07-17T18:32:33.862+0000] {dag.py:3096} INFO - Sync 1 DAGs
[2025-07-17T18:32:33.884+0000] {logging_mixin.py:188} INFO - [2025-07-17T18:32:33.884+0000] {dag.py:3954} INFO - Setting next_dagrun for flight_model_training to 2025-07-17 00:00:00+00:00, run_after=2025-07-18 00:00:00+00:00
[2025-07-17T18:32:33.921+0000] {processor.py:183} INFO - Processing /opt/airflow/dags/flight_model_dag.py took 1.533 seconds
[2025-07-17T18:33:04.242+0000] {processor.py:161} INFO - Started process (PID=344) to work on /opt/airflow/dags/flight_model_dag.py
[2025-07-17T18:33:04.243+0000] {processor.py:830} INFO - Processing file /opt/airflow/dags/flight_model_dag.py for tasks to queue
[2025-07-17T18:33:04.245+0000] {logging_mixin.py:188} INFO - [2025-07-17T18:33:04.245+0000] {dagbag.py:545} INFO - Filling up the DagBag from /opt/airflow/dags/flight_model_dag.py
[2025-07-17T18:33:05.599+0000] {processor.py:840} INFO - DAG(s) 'flight_model_training' retrieved from /opt/airflow/dags/flight_model_dag.py
[2025-07-17T18:33:05.622+0000] {logging_mixin.py:188} INFO - [2025-07-17T18:33:05.622+0000] {dag.py:3096} INFO - Sync 1 DAGs
[2025-07-17T18:33:05.642+0000] {logging_mixin.py:188} INFO - [2025-07-17T18:33:05.642+0000] {dag.py:3954} INFO - Setting next_dagrun for flight_model_training to 2025-07-17 00:00:00+00:00, run_after=2025-07-18 00:00:00+00:00
[2025-07-17T18:33:05.677+0000] {processor.py:183} INFO - Processing /opt/airflow/dags/flight_model_dag.py took 1.442 seconds
[2025-07-17T18:33:35.948+0000] {processor.py:161} INFO - Started process (PID=361) to work on /opt/airflow/dags/flight_model_dag.py
[2025-07-17T18:33:35.950+0000] {processor.py:830} INFO - Processing file /opt/airflow/dags/flight_model_dag.py for tasks to queue
[2025-07-17T18:33:35.952+0000] {logging_mixin.py:188} INFO - [2025-07-17T18:33:35.952+0000] {dagbag.py:545} INFO - Filling up the DagBag from /opt/airflow/dags/flight_model_dag.py
[2025-07-17T18:33:37.311+0000] {processor.py:840} INFO - DAG(s) 'flight_model_training' retrieved from /opt/airflow/dags/flight_model_dag.py
[2025-07-17T18:33:37.340+0000] {logging_mixin.py:188} INFO - [2025-07-17T18:33:37.340+0000] {dag.py:3096} INFO - Sync 1 DAGs
[2025-07-17T18:33:37.359+0000] {logging_mixin.py:188} INFO - [2025-07-17T18:33:37.358+0000] {dag.py:3954} INFO - Setting next_dagrun for flight_model_training to 2025-07-17 00:00:00+00:00, run_after=2025-07-18 00:00:00+00:00
[2025-07-17T18:33:37.382+0000] {processor.py:183} INFO - Processing /opt/airflow/dags/flight_model_dag.py took 1.439 seconds
[2025-07-17T18:34:07.921+0000] {processor.py:161} INFO - Started process (PID=378) to work on /opt/airflow/dags/flight_model_dag.py
[2025-07-17T18:34:07.922+0000] {processor.py:830} INFO - Processing file /opt/airflow/dags/flight_model_dag.py for tasks to queue
[2025-07-17T18:34:07.925+0000] {logging_mixin.py:188} INFO - [2025-07-17T18:34:07.924+0000] {dagbag.py:545} INFO - Filling up the DagBag from /opt/airflow/dags/flight_model_dag.py
[2025-07-17T18:34:09.411+0000] {processor.py:840} INFO - DAG(s) 'flight_model_training' retrieved from /opt/airflow/dags/flight_model_dag.py
[2025-07-17T18:34:09.437+0000] {logging_mixin.py:188} INFO - [2025-07-17T18:34:09.436+0000] {dag.py:3096} INFO - Sync 1 DAGs
[2025-07-17T18:34:09.455+0000] {logging_mixin.py:188} INFO - [2025-07-17T18:34:09.454+0000] {dag.py:3954} INFO - Setting next_dagrun for flight_model_training to 2025-07-17 00:00:00+00:00, run_after=2025-07-18 00:00:00+00:00
[2025-07-17T18:34:09.490+0000] {processor.py:183} INFO - Processing /opt/airflow/dags/flight_model_dag.py took 1.575 seconds
[2025-07-17T18:34:39.790+0000] {processor.py:161} INFO - Started process (PID=395) to work on /opt/airflow/dags/flight_model_dag.py
[2025-07-17T18:34:39.792+0000] {processor.py:830} INFO - Processing file /opt/airflow/dags/flight_model_dag.py for tasks to queue
[2025-07-17T18:34:39.794+0000] {logging_mixin.py:188} INFO - [2025-07-17T18:34:39.794+0000] {dagbag.py:545} INFO - Filling up the DagBag from /opt/airflow/dags/flight_model_dag.py
[2025-07-17T18:34:41.307+0000] {processor.py:840} INFO - DAG(s) 'flight_model_training' retrieved from /opt/airflow/dags/flight_model_dag.py
[2025-07-17T18:34:41.375+0000] {logging_mixin.py:188} INFO - [2025-07-17T18:34:41.374+0000] {dag.py:3096} INFO - Sync 1 DAGs
[2025-07-17T18:34:41.412+0000] {logging_mixin.py:188} INFO - [2025-07-17T18:34:41.412+0000] {dag.py:3954} INFO - Setting next_dagrun for flight_model_training to 2025-07-17 00:00:00+00:00, run_after=2025-07-18 00:00:00+00:00
[2025-07-17T18:34:41.441+0000] {processor.py:183} INFO - Processing /opt/airflow/dags/flight_model_dag.py took 1.657 seconds
[2025-07-17T18:35:11.746+0000] {processor.py:161} INFO - Started process (PID=412) to work on /opt/airflow/dags/flight_model_dag.py
[2025-07-17T18:35:11.748+0000] {processor.py:830} INFO - Processing file /opt/airflow/dags/flight_model_dag.py for tasks to queue
[2025-07-17T18:35:11.749+0000] {logging_mixin.py:188} INFO - [2025-07-17T18:35:11.749+0000] {dagbag.py:545} INFO - Filling up the DagBag from /opt/airflow/dags/flight_model_dag.py
[2025-07-17T18:35:12.951+0000] {processor.py:840} INFO - DAG(s) 'flight_model_training' retrieved from /opt/airflow/dags/flight_model_dag.py
[2025-07-17T18:35:12.973+0000] {logging_mixin.py:188} INFO - [2025-07-17T18:35:12.973+0000] {dag.py:3096} INFO - Sync 1 DAGs
[2025-07-17T18:35:12.991+0000] {logging_mixin.py:188} INFO - [2025-07-17T18:35:12.991+0000] {dag.py:3954} INFO - Setting next_dagrun for flight_model_training to 2025-07-17 00:00:00+00:00, run_after=2025-07-18 00:00:00+00:00
[2025-07-17T18:35:13.023+0000] {processor.py:183} INFO - Processing /opt/airflow/dags/flight_model_dag.py took 1.282 seconds
[2025-07-17T18:35:43.295+0000] {processor.py:161} INFO - Started process (PID=429) to work on /opt/airflow/dags/flight_model_dag.py
[2025-07-17T18:35:43.296+0000] {processor.py:830} INFO - Processing file /opt/airflow/dags/flight_model_dag.py for tasks to queue
[2025-07-17T18:35:43.298+0000] {logging_mixin.py:188} INFO - [2025-07-17T18:35:43.298+0000] {dagbag.py:545} INFO - Filling up the DagBag from /opt/airflow/dags/flight_model_dag.py
[2025-07-17T18:35:44.563+0000] {processor.py:840} INFO - DAG(s) 'flight_model_training' retrieved from /opt/airflow/dags/flight_model_dag.py
[2025-07-17T18:35:44.593+0000] {logging_mixin.py:188} INFO - [2025-07-17T18:35:44.593+0000] {dag.py:3096} INFO - Sync 1 DAGs
[2025-07-17T18:35:44.619+0000] {logging_mixin.py:188} INFO - [2025-07-17T18:35:44.619+0000] {dag.py:3954} INFO - Setting next_dagrun for flight_model_training to 2025-07-17 00:00:00+00:00, run_after=2025-07-18 00:00:00+00:00
[2025-07-17T18:35:44.643+0000] {processor.py:183} INFO - Processing /opt/airflow/dags/flight_model_dag.py took 1.353 seconds
[2025-07-17T18:36:14.967+0000] {processor.py:161} INFO - Started process (PID=446) to work on /opt/airflow/dags/flight_model_dag.py
[2025-07-17T18:36:14.968+0000] {processor.py:830} INFO - Processing file /opt/airflow/dags/flight_model_dag.py for tasks to queue
[2025-07-17T18:36:14.971+0000] {logging_mixin.py:188} INFO - [2025-07-17T18:36:14.970+0000] {dagbag.py:545} INFO - Filling up the DagBag from /opt/airflow/dags/flight_model_dag.py
[2025-07-17T18:36:16.178+0000] {processor.py:840} INFO - DAG(s) 'flight_model_training' retrieved from /opt/airflow/dags/flight_model_dag.py
[2025-07-17T18:36:16.201+0000] {logging_mixin.py:188} INFO - [2025-07-17T18:36:16.200+0000] {dag.py:3096} INFO - Sync 1 DAGs
[2025-07-17T18:36:16.218+0000] {logging_mixin.py:188} INFO - [2025-07-17T18:36:16.218+0000] {dag.py:3954} INFO - Setting next_dagrun for flight_model_training to 2025-07-17 00:00:00+00:00, run_after=2025-07-18 00:00:00+00:00
[2025-07-17T18:36:16.249+0000] {processor.py:183} INFO - Processing /opt/airflow/dags/flight_model_dag.py took 1.288 seconds
[2025-07-17T18:36:46.585+0000] {processor.py:161} INFO - Started process (PID=463) to work on /opt/airflow/dags/flight_model_dag.py
[2025-07-17T18:36:46.587+0000] {processor.py:830} INFO - Processing file /opt/airflow/dags/flight_model_dag.py for tasks to queue
[2025-07-17T18:36:46.589+0000] {logging_mixin.py:188} INFO - [2025-07-17T18:36:46.589+0000] {dagbag.py:545} INFO - Filling up the DagBag from /opt/airflow/dags/flight_model_dag.py
[2025-07-17T18:36:47.884+0000] {processor.py:840} INFO - DAG(s) 'flight_model_training' retrieved from /opt/airflow/dags/flight_model_dag.py
[2025-07-17T18:36:47.907+0000] {logging_mixin.py:188} INFO - [2025-07-17T18:36:47.907+0000] {dag.py:3096} INFO - Sync 1 DAGs
[2025-07-17T18:36:47.924+0000] {logging_mixin.py:188} INFO - [2025-07-17T18:36:47.924+0000] {dag.py:3954} INFO - Setting next_dagrun for flight_model_training to 2025-07-17 00:00:00+00:00, run_after=2025-07-18 00:00:00+00:00
[2025-07-17T18:36:47.956+0000] {processor.py:183} INFO - Processing /opt/airflow/dags/flight_model_dag.py took 1.376 seconds
[2025-07-17T18:37:18.317+0000] {processor.py:161} INFO - Started process (PID=480) to work on /opt/airflow/dags/flight_model_dag.py
[2025-07-17T18:37:18.320+0000] {processor.py:830} INFO - Processing file /opt/airflow/dags/flight_model_dag.py for tasks to queue
[2025-07-17T18:37:18.323+0000] {logging_mixin.py:188} INFO - [2025-07-17T18:37:18.322+0000] {dagbag.py:545} INFO - Filling up the DagBag from /opt/airflow/dags/flight_model_dag.py
[2025-07-17T18:37:19.918+0000] {processor.py:840} INFO - DAG(s) 'flight_model_training' retrieved from /opt/airflow/dags/flight_model_dag.py
[2025-07-17T18:37:19.950+0000] {logging_mixin.py:188} INFO - [2025-07-17T18:37:19.950+0000] {dag.py:3096} INFO - Sync 1 DAGs
[2025-07-17T18:37:19.968+0000] {logging_mixin.py:188} INFO - [2025-07-17T18:37:19.968+0000] {dag.py:3954} INFO - Setting next_dagrun for flight_model_training to 2025-07-17 00:00:00+00:00, run_after=2025-07-18 00:00:00+00:00
[2025-07-17T18:37:19.988+0000] {processor.py:183} INFO - Processing /opt/airflow/dags/flight_model_dag.py took 1.678 seconds
[2025-07-17T18:37:50.247+0000] {processor.py:161} INFO - Started process (PID=497) to work on /opt/airflow/dags/flight_model_dag.py
[2025-07-17T18:37:50.251+0000] {processor.py:830} INFO - Processing file /opt/airflow/dags/flight_model_dag.py for tasks to queue
[2025-07-17T18:37:50.258+0000] {logging_mixin.py:188} INFO - [2025-07-17T18:37:50.257+0000] {dagbag.py:545} INFO - Filling up the DagBag from /opt/airflow/dags/flight_model_dag.py
[2025-07-17T18:37:52.169+0000] {processor.py:840} INFO - DAG(s) 'flight_model_training' retrieved from /opt/airflow/dags/flight_model_dag.py
[2025-07-17T18:37:52.226+0000] {logging_mixin.py:188} INFO - [2025-07-17T18:37:52.225+0000] {dag.py:3096} INFO - Sync 1 DAGs
[2025-07-17T18:37:52.261+0000] {logging_mixin.py:188} INFO - [2025-07-17T18:37:52.260+0000] {dag.py:3954} INFO - Setting next_dagrun for flight_model_training to 2025-07-17 00:00:00+00:00, run_after=2025-07-18 00:00:00+00:00
[2025-07-17T18:37:52.295+0000] {processor.py:183} INFO - Processing /opt/airflow/dags/flight_model_dag.py took 2.062 seconds
[2025-07-17T18:38:22.584+0000] {processor.py:161} INFO - Started process (PID=514) to work on /opt/airflow/dags/flight_model_dag.py
[2025-07-17T18:38:22.585+0000] {processor.py:830} INFO - Processing file /opt/airflow/dags/flight_model_dag.py for tasks to queue
[2025-07-17T18:38:22.588+0000] {logging_mixin.py:188} INFO - [2025-07-17T18:38:22.587+0000] {dagbag.py:545} INFO - Filling up the DagBag from /opt/airflow/dags/flight_model_dag.py
[2025-07-17T18:38:23.968+0000] {processor.py:840} INFO - DAG(s) 'flight_model_training' retrieved from /opt/airflow/dags/flight_model_dag.py
[2025-07-17T18:38:23.996+0000] {logging_mixin.py:188} INFO - [2025-07-17T18:38:23.996+0000] {dag.py:3096} INFO - Sync 1 DAGs
[2025-07-17T18:38:24.017+0000] {logging_mixin.py:188} INFO - [2025-07-17T18:38:24.016+0000] {dag.py:3954} INFO - Setting next_dagrun for flight_model_training to 2025-07-17 00:00:00+00:00, run_after=2025-07-18 00:00:00+00:00
[2025-07-17T18:38:24.042+0000] {processor.py:183} INFO - Processing /opt/airflow/dags/flight_model_dag.py took 1.463 seconds
[2025-07-17T18:38:54.384+0000] {processor.py:161} INFO - Started process (PID=531) to work on /opt/airflow/dags/flight_model_dag.py
[2025-07-17T18:38:54.386+0000] {processor.py:830} INFO - Processing file /opt/airflow/dags/flight_model_dag.py for tasks to queue
[2025-07-17T18:38:54.389+0000] {logging_mixin.py:188} INFO - [2025-07-17T18:38:54.389+0000] {dagbag.py:545} INFO - Filling up the DagBag from /opt/airflow/dags/flight_model_dag.py
[2025-07-17T18:38:55.883+0000] {processor.py:840} INFO - DAG(s) 'flight_model_training' retrieved from /opt/airflow/dags/flight_model_dag.py
[2025-07-17T18:38:55.908+0000] {logging_mixin.py:188} INFO - [2025-07-17T18:38:55.908+0000] {dag.py:3096} INFO - Sync 1 DAGs
[2025-07-17T18:38:55.926+0000] {logging_mixin.py:188} INFO - [2025-07-17T18:38:55.926+0000] {dag.py:3954} INFO - Setting next_dagrun for flight_model_training to 2025-07-17 00:00:00+00:00, run_after=2025-07-18 00:00:00+00:00
[2025-07-17T18:38:55.959+0000] {processor.py:183} INFO - Processing /opt/airflow/dags/flight_model_dag.py took 1.583 seconds
[2025-07-17T18:39:26.196+0000] {processor.py:161} INFO - Started process (PID=548) to work on /opt/airflow/dags/flight_model_dag.py
[2025-07-17T18:39:26.197+0000] {processor.py:830} INFO - Processing file /opt/airflow/dags/flight_model_dag.py for tasks to queue
[2025-07-17T18:39:26.199+0000] {logging_mixin.py:188} INFO - [2025-07-17T18:39:26.199+0000] {dagbag.py:545} INFO - Filling up the DagBag from /opt/airflow/dags/flight_model_dag.py
[2025-07-17T18:39:27.610+0000] {processor.py:840} INFO - DAG(s) 'flight_model_training' retrieved from /opt/airflow/dags/flight_model_dag.py
[2025-07-17T18:39:27.645+0000] {logging_mixin.py:188} INFO - [2025-07-17T18:39:27.645+0000] {dag.py:3096} INFO - Sync 1 DAGs
[2025-07-17T18:39:27.666+0000] {logging_mixin.py:188} INFO - [2025-07-17T18:39:27.666+0000] {dag.py:3954} INFO - Setting next_dagrun for flight_model_training to 2025-07-17 00:00:00+00:00, run_after=2025-07-18 00:00:00+00:00
[2025-07-17T18:39:27.710+0000] {processor.py:183} INFO - Processing /opt/airflow/dags/flight_model_dag.py took 1.519 seconds
[2025-07-17T18:39:57.991+0000] {processor.py:161} INFO - Started process (PID=565) to work on /opt/airflow/dags/flight_model_dag.py
[2025-07-17T18:39:57.992+0000] {processor.py:830} INFO - Processing file /opt/airflow/dags/flight_model_dag.py for tasks to queue
[2025-07-17T18:39:57.994+0000] {logging_mixin.py:188} INFO - [2025-07-17T18:39:57.994+0000] {dagbag.py:545} INFO - Filling up the DagBag from /opt/airflow/dags/flight_model_dag.py
[2025-07-17T18:39:59.557+0000] {processor.py:840} INFO - DAG(s) 'flight_model_training' retrieved from /opt/airflow/dags/flight_model_dag.py
[2025-07-17T18:39:59.580+0000] {logging_mixin.py:188} INFO - [2025-07-17T18:39:59.579+0000] {dag.py:3096} INFO - Sync 1 DAGs
[2025-07-17T18:39:59.598+0000] {logging_mixin.py:188} INFO - [2025-07-17T18:39:59.597+0000] {dag.py:3954} INFO - Setting next_dagrun for flight_model_training to 2025-07-17 00:00:00+00:00, run_after=2025-07-18 00:00:00+00:00
[2025-07-17T18:39:59.617+0000] {processor.py:183} INFO - Processing /opt/airflow/dags/flight_model_dag.py took 1.634 seconds
[2025-07-17T18:40:29.809+0000] {processor.py:161} INFO - Started process (PID=582) to work on /opt/airflow/dags/flight_model_dag.py
[2025-07-17T18:40:29.810+0000] {processor.py:830} INFO - Processing file /opt/airflow/dags/flight_model_dag.py for tasks to queue
[2025-07-17T18:40:29.812+0000] {logging_mixin.py:188} INFO - [2025-07-17T18:40:29.812+0000] {dagbag.py:545} INFO - Filling up the DagBag from /opt/airflow/dags/flight_model_dag.py
[2025-07-17T18:40:31.202+0000] {processor.py:840} INFO - DAG(s) 'flight_model_training' retrieved from /opt/airflow/dags/flight_model_dag.py
[2025-07-17T18:40:31.240+0000] {logging_mixin.py:188} INFO - [2025-07-17T18:40:31.239+0000] {dag.py:3096} INFO - Sync 1 DAGs
[2025-07-17T18:40:31.266+0000] {logging_mixin.py:188} INFO - [2025-07-17T18:40:31.266+0000] {dag.py:3954} INFO - Setting next_dagrun for flight_model_training to 2025-07-17 00:00:00+00:00, run_after=2025-07-18 00:00:00+00:00
[2025-07-17T18:40:31.316+0000] {processor.py:183} INFO - Processing /opt/airflow/dags/flight_model_dag.py took 1.507 seconds
[2025-07-17T18:41:01.726+0000] {processor.py:161} INFO - Started process (PID=599) to work on /opt/airflow/dags/flight_model_dag.py
[2025-07-17T18:41:01.729+0000] {processor.py:830} INFO - Processing file /opt/airflow/dags/flight_model_dag.py for tasks to queue
[2025-07-17T18:41:01.733+0000] {logging_mixin.py:188} INFO - [2025-07-17T18:41:01.732+0000] {dagbag.py:545} INFO - Filling up the DagBag from /opt/airflow/dags/flight_model_dag.py
[2025-07-17T18:41:03.062+0000] {processor.py:840} INFO - DAG(s) 'flight_model_training' retrieved from /opt/airflow/dags/flight_model_dag.py
[2025-07-17T18:41:03.088+0000] {logging_mixin.py:188} INFO - [2025-07-17T18:41:03.087+0000] {dag.py:3096} INFO - Sync 1 DAGs
[2025-07-17T18:41:03.109+0000] {logging_mixin.py:188} INFO - [2025-07-17T18:41:03.109+0000] {dag.py:3954} INFO - Setting next_dagrun for flight_model_training to 2025-07-17 00:00:00+00:00, run_after=2025-07-18 00:00:00+00:00
[2025-07-17T18:41:03.130+0000] {processor.py:183} INFO - Processing /opt/airflow/dags/flight_model_dag.py took 1.416 seconds
[2025-07-17T18:41:33.420+0000] {processor.py:161} INFO - Started process (PID=616) to work on /opt/airflow/dags/flight_model_dag.py
[2025-07-17T18:41:33.422+0000] {processor.py:830} INFO - Processing file /opt/airflow/dags/flight_model_dag.py for tasks to queue
[2025-07-17T18:41:33.425+0000] {logging_mixin.py:188} INFO - [2025-07-17T18:41:33.425+0000] {dagbag.py:545} INFO - Filling up the DagBag from /opt/airflow/dags/flight_model_dag.py
[2025-07-17T18:41:34.801+0000] {processor.py:840} INFO - DAG(s) 'flight_model_training' retrieved from /opt/airflow/dags/flight_model_dag.py
[2025-07-17T18:41:34.829+0000] {logging_mixin.py:188} INFO - [2025-07-17T18:41:34.828+0000] {dag.py:3096} INFO - Sync 1 DAGs
[2025-07-17T18:41:34.856+0000] {logging_mixin.py:188} INFO - [2025-07-17T18:41:34.856+0000] {dag.py:3954} INFO - Setting next_dagrun for flight_model_training to 2025-07-17 00:00:00+00:00, run_after=2025-07-18 00:00:00+00:00
[2025-07-17T18:41:34.878+0000] {processor.py:183} INFO - Processing /opt/airflow/dags/flight_model_dag.py took 1.466 seconds
[2025-07-17T18:42:05.216+0000] {processor.py:161} INFO - Started process (PID=633) to work on /opt/airflow/dags/flight_model_dag.py
[2025-07-17T18:42:05.218+0000] {processor.py:830} INFO - Processing file /opt/airflow/dags/flight_model_dag.py for tasks to queue
[2025-07-17T18:42:05.221+0000] {logging_mixin.py:188} INFO - [2025-07-17T18:42:05.221+0000] {dagbag.py:545} INFO - Filling up the DagBag from /opt/airflow/dags/flight_model_dag.py
[2025-07-17T18:42:06.548+0000] {processor.py:840} INFO - DAG(s) 'flight_model_training' retrieved from /opt/airflow/dags/flight_model_dag.py
[2025-07-17T18:42:06.573+0000] {logging_mixin.py:188} INFO - [2025-07-17T18:42:06.573+0000] {dag.py:3096} INFO - Sync 1 DAGs
[2025-07-17T18:42:06.590+0000] {logging_mixin.py:188} INFO - [2025-07-17T18:42:06.590+0000] {dag.py:3954} INFO - Setting next_dagrun for flight_model_training to 2025-07-17 00:00:00+00:00, run_after=2025-07-18 00:00:00+00:00
[2025-07-17T18:42:06.630+0000] {processor.py:183} INFO - Processing /opt/airflow/dags/flight_model_dag.py took 1.421 seconds
[2025-07-17T18:42:36.926+0000] {processor.py:161} INFO - Started process (PID=650) to work on /opt/airflow/dags/flight_model_dag.py
[2025-07-17T18:42:36.928+0000] {processor.py:830} INFO - Processing file /opt/airflow/dags/flight_model_dag.py for tasks to queue
[2025-07-17T18:42:36.931+0000] {logging_mixin.py:188} INFO - [2025-07-17T18:42:36.930+0000] {dagbag.py:545} INFO - Filling up the DagBag from /opt/airflow/dags/flight_model_dag.py
[2025-07-17T18:42:38.333+0000] {processor.py:840} INFO - DAG(s) 'flight_model_training' retrieved from /opt/airflow/dags/flight_model_dag.py
[2025-07-17T18:42:38.359+0000] {logging_mixin.py:188} INFO - [2025-07-17T18:42:38.358+0000] {dag.py:3096} INFO - Sync 1 DAGs
[2025-07-17T18:42:38.381+0000] {logging_mixin.py:188} INFO - [2025-07-17T18:42:38.380+0000] {dag.py:3954} INFO - Setting next_dagrun for flight_model_training to 2025-07-17 00:00:00+00:00, run_after=2025-07-18 00:00:00+00:00
[2025-07-17T18:42:38.405+0000] {processor.py:183} INFO - Processing /opt/airflow/dags/flight_model_dag.py took 1.487 seconds
[2025-07-17T18:43:09.013+0000] {processor.py:161} INFO - Started process (PID=667) to work on /opt/airflow/dags/flight_model_dag.py
[2025-07-17T18:43:09.015+0000] {processor.py:830} INFO - Processing file /opt/airflow/dags/flight_model_dag.py for tasks to queue
[2025-07-17T18:43:09.019+0000] {logging_mixin.py:188} INFO - [2025-07-17T18:43:09.018+0000] {dagbag.py:545} INFO - Filling up the DagBag from /opt/airflow/dags/flight_model_dag.py
[2025-07-17T18:43:10.687+0000] {processor.py:840} INFO - DAG(s) 'flight_model_training' retrieved from /opt/airflow/dags/flight_model_dag.py
[2025-07-17T18:43:10.719+0000] {logging_mixin.py:188} INFO - [2025-07-17T18:43:10.718+0000] {dag.py:3096} INFO - Sync 1 DAGs
[2025-07-17T18:43:10.742+0000] {logging_mixin.py:188} INFO - [2025-07-17T18:43:10.742+0000] {dag.py:3954} INFO - Setting next_dagrun for flight_model_training to 2025-07-17 00:00:00+00:00, run_after=2025-07-18 00:00:00+00:00
[2025-07-17T18:43:10.771+0000] {processor.py:183} INFO - Processing /opt/airflow/dags/flight_model_dag.py took 1.773 seconds
[2025-07-17T18:43:41.085+0000] {processor.py:161} INFO - Started process (PID=684) to work on /opt/airflow/dags/flight_model_dag.py
[2025-07-17T18:43:41.087+0000] {processor.py:830} INFO - Processing file /opt/airflow/dags/flight_model_dag.py for tasks to queue
[2025-07-17T18:43:41.090+0000] {logging_mixin.py:188} INFO - [2025-07-17T18:43:41.089+0000] {dagbag.py:545} INFO - Filling up the DagBag from /opt/airflow/dags/flight_model_dag.py
[2025-07-17T18:43:42.385+0000] {processor.py:840} INFO - DAG(s) 'flight_model_training' retrieved from /opt/airflow/dags/flight_model_dag.py
[2025-07-17T18:43:42.411+0000] {logging_mixin.py:188} INFO - [2025-07-17T18:43:42.410+0000] {dag.py:3096} INFO - Sync 1 DAGs
[2025-07-17T18:43:42.430+0000] {logging_mixin.py:188} INFO - [2025-07-17T18:43:42.430+0000] {dag.py:3954} INFO - Setting next_dagrun for flight_model_training to 2025-07-17 00:00:00+00:00, run_after=2025-07-18 00:00:00+00:00
[2025-07-17T18:43:42.451+0000] {processor.py:183} INFO - Processing /opt/airflow/dags/flight_model_dag.py took 1.373 seconds
[2025-07-17T18:44:12.721+0000] {processor.py:161} INFO - Started process (PID=701) to work on /opt/airflow/dags/flight_model_dag.py
[2025-07-17T18:44:12.723+0000] {processor.py:830} INFO - Processing file /opt/airflow/dags/flight_model_dag.py for tasks to queue
[2025-07-17T18:44:12.726+0000] {logging_mixin.py:188} INFO - [2025-07-17T18:44:12.725+0000] {dagbag.py:545} INFO - Filling up the DagBag from /opt/airflow/dags/flight_model_dag.py
