[2025-07-15T20:35:28.894+0000] {local_task_job_runner.py:120} INFO - ::group::Pre task execution logs
[2025-07-15T20:35:28.927+0000] {taskinstance.py:2076} INFO - Dependencies all met for dep_context=non-requeueable deps ti=<TaskInstance: flight_model_training.train_and_log_model manual__2025-07-15T20:35:26.483243+00:00 [queued]>
[2025-07-15T20:35:28.935+0000] {taskinstance.py:2076} INFO - Dependencies all met for dep_context=requeueable deps ti=<TaskInstance: flight_model_training.train_and_log_model manual__2025-07-15T20:35:26.483243+00:00 [queued]>
[2025-07-15T20:35:28.936+0000] {taskinstance.py:2306} INFO - Starting attempt 1 of 1
[2025-07-15T20:35:28.949+0000] {taskinstance.py:2330} INFO - Executing <Task(PythonOperator): train_and_log_model> on 2025-07-15 20:35:26.483243+00:00
[2025-07-15T20:35:28.958+0000] {standard_task_runner.py:63} INFO - Started process 499 to run task
[2025-07-15T20:35:28.962+0000] {standard_task_runner.py:90} INFO - Running: ['***', 'tasks', 'run', 'flight_model_training', 'train_and_log_model', 'manual__2025-07-15T20:35:26.483243+00:00', '--job-id', '5', '--raw', '--subdir', 'DAGS_FOLDER/flight_model_dag.py', '--cfg-path', '/tmp/tmpe4g7sie_']
[2025-07-15T20:35:28.964+0000] {standard_task_runner.py:91} INFO - Job 5: Subtask train_and_log_model
[2025-07-15T20:35:29.015+0000] {task_command.py:426} INFO - Running <TaskInstance: flight_model_training.train_and_log_model manual__2025-07-15T20:35:26.483243+00:00 [running]> on host 88a25da025bd
[2025-07-15T20:35:29.094+0000] {taskinstance.py:2648} INFO - Exporting env vars: AIRFLOW_CTX_DAG_OWNER='***' AIRFLOW_CTX_DAG_ID='flight_model_training' AIRFLOW_CTX_TASK_ID='train_and_log_model' AIRFLOW_CTX_EXECUTION_DATE='2025-07-15T20:35:26.483243+00:00' AIRFLOW_CTX_TRY_NUMBER='1' AIRFLOW_CTX_DAG_RUN_ID='manual__2025-07-15T20:35:26.483243+00:00'
[2025-07-15T20:35:29.096+0000] {taskinstance.py:430} INFO - ::endgroup::
[2025-07-15T20:36:10.304+0000] {logging_mixin.py:188} WARNING - 2025/07/15 20:36:10 WARNING mlflow.utils.git_utils: Failed to import Git (the Git executable is probably not on your PATH), so Git SHA is not available. Error: Failed to initialize: Bad git executable.
The git executable must be specified in one of the following ways:
    - be included in your $PATH
    - be set via $GIT_PYTHON_GIT_EXECUTABLE
    - explicitly set via git.refresh(<full-path-to-git-executable>)

All git commands will error until this is rectified.

This initial message can be silenced or aggravated in the future by setting the
$GIT_PYTHON_REFRESH environment variable. Use one of the following values:
    - quiet|q|silence|s|silent|none|n|0: for no message or exception
    - warn|w|warning|log|l|1: for a warning message (logging level CRITICAL, displayed by default)
    - error|e|exception|raise|r|2: for a raised exception

Example:
    export GIT_PYTHON_REFRESH=quiet
[2025-07-15T20:36:12.373+0000] {logging_mixin.py:188} WARNING - 2025/07/15 20:36:12 WARNING mlflow.models.model: `artifact_path` is deprecated. Please use `name` instead.
[2025-07-15T20:36:18.005+0000] {logging_mixin.py:188} WARNING - 2025/07/15 20:36:18 WARNING mlflow.models.model: Model logged without a signature and input example. Please set `input_example` parameter when logging the model to auto infer the model signature.
[2025-07-15T20:36:18.538+0000] {logging_mixin.py:188} INFO - 🏃 View run ambitious-toad-550 at: http://mlflow:5000/#/experiments/474368820096796256/runs/148e2d2b83e3442995e2adf820703a7c
[2025-07-15T20:36:18.539+0000] {logging_mixin.py:188} INFO - 🧪 View experiment at: http://mlflow:5000/#/experiments/474368820096796256
[2025-07-15T20:36:18.569+0000] {taskinstance.py:441} INFO - ::group::Post task execution logs
[2025-07-15T20:36:18.570+0000] {taskinstance.py:2905} ERROR - Task failed with exception
Traceback (most recent call last):
  File "/home/airflow/.local/lib/python3.11/site-packages/airflow/models/taskinstance.py", line 465, in _execute_task
    result = _execute_callable(context=context, **execute_callable_kwargs)
             ^^^^^^^^^^^^^^^^^^^^^^^^^^^^^^^^^^^^^^^^^^^^^^^^^^^^^^^^^^^^^
  File "/home/airflow/.local/lib/python3.11/site-packages/airflow/models/taskinstance.py", line 432, in _execute_callable
    return execute_callable(context=context, **execute_callable_kwargs)
           ^^^^^^^^^^^^^^^^^^^^^^^^^^^^^^^^^^^^^^^^^^^^^^^^^^^^^^^^^^^^
  File "/home/airflow/.local/lib/python3.11/site-packages/airflow/models/baseoperator.py", line 400, in wrapper
    return func(self, *args, **kwargs)
           ^^^^^^^^^^^^^^^^^^^^^^^^^^^
  File "/home/airflow/.local/lib/python3.11/site-packages/airflow/operators/python.py", line 235, in execute
    return_value = self.execute_callable()
                   ^^^^^^^^^^^^^^^^^^^^^^^
  File "/home/airflow/.local/lib/python3.11/site-packages/airflow/operators/python.py", line 252, in execute_callable
    return self.python_callable(*self.op_args, **self.op_kwargs)
           ^^^^^^^^^^^^^^^^^^^^^^^^^^^^^^^^^^^^^^^^^^^^^^^^^^^^^
  File "/opt/airflow/dags/flight_model_dag.py", line 54, in train_model
    joblib.dump(model, '/opt/airflow/artifacts/flight_price_model.pkl')
  File "/home/airflow/.local/lib/python3.11/site-packages/joblib/numpy_pickle.py", line 599, in dump
    with open(filename, "wb") as f:
         ^^^^^^^^^^^^^^^^^^^^
FileNotFoundError: [Errno 2] No such file or directory: '/opt/airflow/artifacts/flight_price_model.pkl'
[2025-07-15T20:36:18.579+0000] {taskinstance.py:1206} INFO - Marking task as FAILED. dag_id=flight_model_training, task_id=train_and_log_model, run_id=manual__2025-07-15T20:35:26.483243+00:00, execution_date=20250715T203526, start_date=20250715T203528, end_date=20250715T203618
[2025-07-15T20:36:18.589+0000] {standard_task_runner.py:110} ERROR - Failed to execute job 5 for task train_and_log_model ([Errno 2] No such file or directory: '/opt/airflow/artifacts/flight_price_model.pkl'; 499)
[2025-07-15T20:36:18.616+0000] {local_task_job_runner.py:240} INFO - Task exited with return code 1
[2025-07-15T20:36:18.627+0000] {taskinstance.py:3498} INFO - 0 downstream tasks scheduled from follow-on schedule check
[2025-07-15T20:36:18.630+0000] {local_task_job_runner.py:222} INFO - ::endgroup::
